<?xml version="1.0" encoding="UTF-8"?>
<testsuite name="test_rf2_tests.MyTestRF2-20230331194730" tests="53" file="test_rf2_tests.py" time="0.150" timestamp="2023-03-31T19:47:32" failures="0" errors="0" skipped="0">
	<testcase classname="test_rf2_tests.MyTestRF2" name="test_node10_del" time="0.002" timestamp="2023-03-31T19:47:31"/>
	<testcase classname="test_rf2_tests.MyTestRF2" name="test_node10_dup" time="0.002" timestamp="2023-03-31T19:47:31"/>
	<testcase classname="test_rf2_tests.MyTestRF2" name="test_node11_del" time="0.002" timestamp="2023-03-31T19:47:31"/>
	<testcase classname="test_rf2_tests.MyTestRF2" name="test_node11_dup" time="0.002" timestamp="2023-03-31T19:47:31"/>
	<testcase classname="test_rf2_tests.MyTestRF2" name="test_node12_del" time="0.002" timestamp="2023-03-31T19:47:31"/>
	<testcase classname="test_rf2_tests.MyTestRF2" name="test_node12_dup" time="0.004" timestamp="2023-03-31T19:47:31"/>
	<testcase classname="test_rf2_tests.MyTestRF2" name="test_node13_mod" time="0.002" timestamp="2023-03-31T19:47:31"/>
	<testcase classname="test_rf2_tests.MyTestRF2" name="test_node17_del" time="0.003" timestamp="2023-03-31T19:47:31"/>
	<testcase classname="test_rf2_tests.MyTestRF2" name="test_node17_dup" time="0.003" timestamp="2023-03-31T19:47:31"/>
	<testcase classname="test_rf2_tests.MyTestRF2" name="test_node18_del" time="0.002" timestamp="2023-03-31T19:47:31"/>
	<testcase classname="test_rf2_tests.MyTestRF2" name="test_node18_dup" time="0.004" timestamp="2023-03-31T19:47:31"/>
	<testcase classname="test_rf2_tests.MyTestRF2" name="test_node1_del" time="0.002" timestamp="2023-03-31T19:47:31"/>
	<testcase classname="test_rf2_tests.MyTestRF2" name="test_node1_dup" time="0.005" timestamp="2023-03-31T19:47:31"/>
	<testcase classname="test_rf2_tests.MyTestRF2" name="test_node1_valid" time="0.014" timestamp="2023-03-31T19:47:31"/>
	<testcase classname="test_rf2_tests.MyTestRF2" name="test_node20_mod" time="0.002" timestamp="2023-03-31T19:47:31"/>
	<testcase classname="test_rf2_tests.MyTestRF2" name="test_node22_del" time="0.003" timestamp="2023-03-31T19:47:31"/>
	<testcase classname="test_rf2_tests.MyTestRF2" name="test_node22_dup" time="0.002" timestamp="2023-03-31T19:47:31"/>
	<testcase classname="test_rf2_tests.MyTestRF2" name="test_node25_del" time="0.002" timestamp="2023-03-31T19:47:31"/>
	<testcase classname="test_rf2_tests.MyTestRF2" name="test_node25_dup" time="0.004" timestamp="2023-03-31T19:47:31"/>
	<testcase classname="test_rf2_tests.MyTestRF2" name="test_node29_del" time="0.001" timestamp="2023-03-31T19:47:31"/>
	<testcase classname="test_rf2_tests.MyTestRF2" name="test_node29_dup" time="0.004" timestamp="2023-03-31T19:47:31"/>
	<testcase classname="test_rf2_tests.MyTestRF2" name="test_node2_del" time="0.003" timestamp="2023-03-31T19:47:31"/>
	<testcase classname="test_rf2_tests.MyTestRF2" name="test_node2_dup" time="0.001" timestamp="2023-03-31T19:47:31"/>
	<testcase classname="test_rf2_tests.MyTestRF2" name="test_node31_mod" time="0.002" timestamp="2023-03-31T19:47:31"/>
	<testcase classname="test_rf2_tests.MyTestRF2" name="test_node32_mod" time="0.003" timestamp="2023-03-31T19:47:31"/>
	<testcase classname="test_rf2_tests.MyTestRF2" name="test_node35_mod" time="0.004" timestamp="2023-03-31T19:47:31"/>
	<testcase classname="test_rf2_tests.MyTestRF2" name="test_node38_mod" time="0.003" timestamp="2023-03-31T19:47:31"/>
	<testcase classname="test_rf2_tests.MyTestRF2" name="test_node3_del" time="0.003" timestamp="2023-03-31T19:47:31"/>
	<testcase classname="test_rf2_tests.MyTestRF2" name="test_node3_dup" time="0.002" timestamp="2023-03-31T19:47:31"/>
	<testcase classname="test_rf2_tests.MyTestRF2" name="test_node41_del" time="0.003" timestamp="2023-03-31T19:47:31"/>
	<testcase classname="test_rf2_tests.MyTestRF2" name="test_node42_del" time="0.002" timestamp="2023-03-31T19:47:31"/>
	<testcase classname="test_rf2_tests.MyTestRF2" name="test_node42_dup" time="0.002" timestamp="2023-03-31T19:47:31"/>
	<testcase classname="test_rf2_tests.MyTestRF2" name="test_node43_del" time="0.002" timestamp="2023-03-31T19:47:31"/>
	<testcase classname="test_rf2_tests.MyTestRF2" name="test_node44_del" time="0.001" timestamp="2023-03-31T19:47:31"/>
	<testcase classname="test_rf2_tests.MyTestRF2" name="test_node44_dup" time="0.002" timestamp="2023-03-31T19:47:31"/>
	<testcase classname="test_rf2_tests.MyTestRF2" name="test_node45_del" time="0.003" timestamp="2023-03-31T19:47:31"/>
	<testcase classname="test_rf2_tests.MyTestRF2" name="test_node45_dup" time="0.002" timestamp="2023-03-31T19:47:31"/>
	<testcase classname="test_rf2_tests.MyTestRF2" name="test_node46_mod" time="0.002" timestamp="2023-03-31T19:47:31"/>
	<testcase classname="test_rf2_tests.MyTestRF2" name="test_node47_mod" time="0.003" timestamp="2023-03-31T19:47:31"/>
	<testcase classname="test_rf2_tests.MyTestRF2" name="test_node48_mod" time="0.002" timestamp="2023-03-31T19:47:31"/>
	<testcase classname="test_rf2_tests.MyTestRF2" name="test_node49_mod" time="0.001" timestamp="2023-03-31T19:47:31"/>
	<testcase classname="test_rf2_tests.MyTestRF2" name="test_node4_del" time="0.003" timestamp="2023-03-31T19:47:31"/>
	<testcase classname="test_rf2_tests.MyTestRF2" name="test_node4_dup" time="0.003" timestamp="2023-03-31T19:47:31"/>
	<testcase classname="test_rf2_tests.MyTestRF2" name="test_node50_mod" time="0.006" timestamp="2023-03-31T19:47:31"/>
	<testcase classname="test_rf2_tests.MyTestRF2" name="test_node5_mod" time="0.004" timestamp="2023-03-31T19:47:31"/>
	<testcase classname="test_rf2_tests.MyTestRF2" name="test_node6_del" time="0.004" timestamp="2023-03-31T19:47:31"/>
	<testcase classname="test_rf2_tests.MyTestRF2" name="test_node6_dup" time="0.004" timestamp="2023-03-31T19:47:32"/>
	<testcase classname="test_rf2_tests.MyTestRF2" name="test_node7_del" time="0.003" timestamp="2023-03-31T19:47:32"/>
	<testcase classname="test_rf2_tests.MyTestRF2" name="test_node7_dup" time="0.003" timestamp="2023-03-31T19:47:32"/>
	<testcase classname="test_rf2_tests.MyTestRF2" name="test_node9_mod" time="0.002" timestamp="2023-03-31T19:47:32"/>
	<testcase classname="test_rf2_tests.MyTestRF2" name="test_orderid_notstring" time="0.004" timestamp="2023-03-31T19:47:32"/>
	<testcase classname="test_rf2_tests.MyTestRF2" name="test_orderid_vl1" time="0.002" timestamp="2023-03-31T19:47:32"/>
	<testcase classname="test_rf2_tests.MyTestRF2" name="test_orderid_vl3" time="0.002" timestamp="2023-03-31T19:47:32"/>
</testsuite>
